{"D:\\workspace\\ai\\ai-project\\web3-tools\\src\\actions\\balance.js": {"path":"D:\\workspace\\ai\\ai-project\\web3-tools\\src\\actions\\balance.js","statementMap":{"0":{"start":{"line":11,"column":2},"end":{"line":11,"column":32}},"1":{"start":{"line":13,"column":2},"end":{"line":33,"column":3}},"2":{"start":{"line":14,"column":24},"end":{"line":14,"column":31}},"3":{"start":{"line":16,"column":4},"end":{"line":32,"column":5}},"4":{"start":{"line":18,"column":28},"end":{"line":18,"column":69}},"5":{"start":{"line":19,"column":26},"end":{"line":19,"column":59}},"6":{"start":{"line":20,"column":6},"end":{"line":20,"column":60}},"7":{"start":{"line":23,"column":6},"end":{"line":28,"column":7}},"8":{"start":{"line":24,"column":29},"end":{"line":24,"column":91}},"9":{"start":{"line":25,"column":25},"end":{"line":25,"column":49}},"10":{"start":{"line":26,"column":33},"end":{"line":26,"column":75}},"11":{"start":{"line":27,"column":8},"end":{"line":27,"column":93}},"12":{"start":{"line":30,"column":6},"end":{"line":30,"column":60}},"13":{"start":{"line":35,"column":2},"end":{"line":35,"column":32}},"14":{"start":{"line":47,"column":15},"end":{"line":47,"column":84}},"15":{"start":{"line":48,"column":17},"end":{"line":48,"column":57}},"16":{"start":{"line":50,"column":2},"end":{"line":50,"column":33}}},"fnMap":{"0":{"name":"queryBalances","decl":{"start":{"line":10,"column":15},"end":{"line":10,"column":28}},"loc":{"start":{"line":10,"column":66},"end":{"line":36,"column":1}},"line":10},"1":{"name":"queryTokenBalance","decl":{"start":{"line":45,"column":15},"end":{"line":45,"column":32}},"loc":{"start":{"line":45,"column":67},"end":{"line":51,"column":1}},"line":45}},"branchMap":{"0":{"loc":{"start":{"line":25,"column":25},"end":{"line":25,"column":49}},"type":"binary-expr","locations":[{"start":{"line":25,"column":25},"end":{"line":25,"column":43}},{"start":{"line":25,"column":47},"end":{"line":25,"column":49}}],"line":25}},"s":{"0":4,"1":4,"2":7,"3":7,"4":7,"5":6,"6":6,"7":6,"8":6,"9":6,"10":6,"11":6,"12":1,"13":4,"14":10,"15":10,"16":9},"f":{"0":4,"1":10},"b":{"0":[6,1]},"inputSourceMap":null,"_coverageSchema":"1a1c01bbd47fc00a2c39e90264f33305004495a9","hash":"14870f05a7702bba27c414ec5bd0de3db418dbb4"}
,"D:\\workspace\\ai\\ai-project\\web3-tools\\src\\core\\config.js": {"path":"D:\\workspace\\ai\\ai-project\\web3-tools\\src\\core\\config.js","statementMap":{"0":{"start":{"line":10,"column":19},"end":{"line":10,"column":43}},"1":{"start":{"line":12,"column":2},"end":{"line":14,"column":3}},"2":{"start":{"line":13,"column":4},"end":{"line":13,"column":44}},"3":{"start":{"line":16,"column":18},"end":{"line":16,"column":52}},"4":{"start":{"line":19,"column":2},"end":{"line":24,"column":3}},"5":{"start":{"line":20,"column":4},"end":{"line":20,"column":33}},"6":{"start":{"line":22,"column":20},"end":{"line":22,"column":62}},"7":{"start":{"line":23,"column":4},"end":{"line":23,"column":44}},"8":{"start":{"line":27,"column":19},"end":{"line":27,"column":65}},"9":{"start":{"line":28,"column":2},"end":{"line":32,"column":3}},"10":{"start":{"line":29,"column":4},"end":{"line":31,"column":5}},"11":{"start":{"line":30,"column":6},"end":{"line":30,"column":46}},"12":{"start":{"line":35,"column":2},"end":{"line":37,"column":3}},"13":{"start":{"line":36,"column":4},"end":{"line":36,"column":50}},"14":{"start":{"line":39,"column":2},"end":{"line":39,"column":16}}},"fnMap":{"0":{"name":"loadConfig","decl":{"start":{"line":9,"column":9},"end":{"line":9,"column":19}},"loc":{"start":{"line":9,"column":55},"end":{"line":40,"column":1}},"line":9}},"branchMap":{"0":{"loc":{"start":{"line":9,"column":20},"end":{"line":9,"column":53}},"type":"default-arg","locations":[{"start":{"line":9,"column":33},"end":{"line":9,"column":53}}],"line":9},"1":{"loc":{"start":{"line":12,"column":2},"end":{"line":14,"column":3}},"type":"if","locations":[{"start":{"line":12,"column":2},"end":{"line":14,"column":3}},{"start":{},"end":{}}],"line":12},"2":{"loc":{"start":{"line":22,"column":20},"end":{"line":22,"column":62}},"type":"cond-expr","locations":[{"start":{"line":22,"column":41},"end":{"line":22,"column":50}},{"start":{"line":22,"column":53},"end":{"line":22,"column":62}}],"line":22},"3":{"loc":{"start":{"line":29,"column":4},"end":{"line":31,"column":5}},"type":"if","locations":[{"start":{"line":29,"column":4},"end":{"line":31,"column":5}},{"start":{},"end":{}}],"line":29},"4":{"loc":{"start":{"line":35,"column":2},"end":{"line":37,"column":3}},"type":"if","locations":[{"start":{"line":35,"column":2},"end":{"line":37,"column":3}},{"start":{},"end":{}}],"line":35},"5":{"loc":{"start":{"line":35,"column":6},"end":{"line":35,"column":73}},"type":"binary-expr","locations":[{"start":{"line":35,"column":6},"end":{"line":35,"column":28}},{"start":{"line":35,"column":32},"end":{"line":35,"column":73}}],"line":35}},"s":{"0":5,"1":5,"2":1,"3":4,"4":4,"5":4,"6":1,"7":1,"8":3,"9":3,"10":11,"11":1,"12":2,"13":1,"14":1},"f":{"0":5},"b":{"0":[0],"1":[1,4],"2":[1,0],"3":[1,10],"4":[1,1],"5":[2,1]},"inputSourceMap":null,"_coverageSchema":"1a1c01bbd47fc00a2c39e90264f33305004495a9","hash":"b097ff0a8d4ef44c03d0c529d90647ced5d3be28"}
,"D:\\workspace\\ai\\ai-project\\web3-tools\\src\\core\\logger.js": {"path":"D:\\workspace\\ai\\ai-project\\web3-tools\\src\\core\\logger.js","statementMap":{"0":{"start":{"line":5,"column":19},"end":{"line":5,"column":49}},"1":{"start":{"line":6,"column":18},"end":{"line":6,"column":42}},"2":{"start":{"line":10,"column":4},"end":{"line":10,"column":43}},"3":{"start":{"line":11,"column":4},"end":{"line":11,"column":47}},"4":{"start":{"line":12,"column":4},"end":{"line":12,"column":59}},"5":{"start":{"line":15,"column":4},"end":{"line":15,"column":27}},"6":{"start":{"line":20,"column":4},"end":{"line":27,"column":5}},"7":{"start":{"line":22,"column":6},"end":{"line":24,"column":7}},"8":{"start":{"line":23,"column":8},"end":{"line":23,"column":55}},"9":{"start":{"line":25,"column":22},"end":{"line":25,"column":55}},"10":{"start":{"line":26,"column":6},"end":{"line":26,"column":70}},"11":{"start":{"line":28,"column":4},"end":{"line":28,"column":27}},"12":{"start":{"line":33,"column":4},"end":{"line":36,"column":5}},"13":{"start":{"line":34,"column":6},"end":{"line":34,"column":28}},"14":{"start":{"line":35,"column":6},"end":{"line":35,"column":29}},"15":{"start":{"line":40,"column":22},"end":{"line":40,"column":46}},"16":{"start":{"line":41,"column":4},"end":{"line":41,"column":57}},"17":{"start":{"line":45,"column":4},"end":{"line":45,"column":60}},"18":{"start":{"line":49,"column":4},"end":{"line":49,"column":40}},"19":{"start":{"line":49,"column":33},"end":{"line":49,"column":40}},"20":{"start":{"line":51,"column":22},"end":{"line":51,"column":57}},"21":{"start":{"line":54,"column":4},"end":{"line":60,"column":5}},"22":{"start":{"line":55,"column":6},"end":{"line":55,"column":31}},"23":{"start":{"line":56,"column":11},"end":{"line":60,"column":5}},"24":{"start":{"line":57,"column":6},"end":{"line":57,"column":30}},"25":{"start":{"line":59,"column":6},"end":{"line":59,"column":29}},"26":{"start":{"line":63,"column":4},"end":{"line":63,"column":49}},"27":{"start":{"line":67,"column":4},"end":{"line":67,"column":33}},"28":{"start":{"line":71,"column":4},"end":{"line":71,"column":33}},"29":{"start":{"line":75,"column":4},"end":{"line":75,"column":34}},"30":{"start":{"line":79,"column":4},"end":{"line":79,"column":34}}},"fnMap":{"0":{"name":"(anonymous_0)","decl":{"start":{"line":9,"column":2},"end":{"line":9,"column":3}},"loc":{"start":{"line":9,"column":28},"end":{"line":16,"column":3}},"line":9},"1":{"name":"(anonymous_1)","decl":{"start":{"line":19,"column":2},"end":{"line":19,"column":3}},"loc":{"start":{"line":19,"column":18},"end":{"line":29,"column":3}},"line":19},"2":{"name":"(anonymous_2)","decl":{"start":{"line":32,"column":2},"end":{"line":32,"column":3}},"loc":{"start":{"line":32,"column":10},"end":{"line":37,"column":3}},"line":32},"3":{"name":"(anonymous_3)","decl":{"start":{"line":39,"column":2},"end":{"line":39,"column":3}},"loc":{"start":{"line":39,"column":33},"end":{"line":42,"column":3}},"line":39},"4":{"name":"(anonymous_4)","decl":{"start":{"line":44,"column":2},"end":{"line":44,"column":3}},"loc":{"start":{"line":44,"column":20},"end":{"line":46,"column":3}},"line":44},"5":{"name":"(anonymous_5)","decl":{"start":{"line":48,"column":2},"end":{"line":48,"column":3}},"loc":{"start":{"line":48,"column":25},"end":{"line":64,"column":3}},"line":48},"6":{"name":"(anonymous_6)","decl":{"start":{"line":66,"column":2},"end":{"line":66,"column":3}},"loc":{"start":{"line":66,"column":16},"end":{"line":68,"column":3}},"line":66},"7":{"name":"(anonymous_7)","decl":{"start":{"line":70,"column":2},"end":{"line":70,"column":3}},"loc":{"start":{"line":70,"column":16},"end":{"line":72,"column":3}},"line":70},"8":{"name":"(anonymous_8)","decl":{"start":{"line":74,"column":2},"end":{"line":74,"column":3}},"loc":{"start":{"line":74,"column":17},"end":{"line":76,"column":3}},"line":74},"9":{"name":"(anonymous_9)","decl":{"start":{"line":78,"column":2},"end":{"line":78,"column":3}},"loc":{"start":{"line":78,"column":17},"end":{"line":80,"column":3}},"line":78}},"branchMap":{"0":{"loc":{"start":{"line":9,"column":14},"end":{"line":9,"column":26}},"type":"default-arg","locations":[{"start":{"line":9,"column":24},"end":{"line":9,"column":26}}],"line":9},"1":{"loc":{"start":{"line":10,"column":18},"end":{"line":10,"column":42}},"type":"binary-expr","locations":[{"start":{"line":10,"column":18},"end":{"line":10,"column":32}},{"start":{"line":10,"column":36},"end":{"line":10,"column":42}}],"line":10},"2":{"loc":{"start":{"line":11,"column":20},"end":{"line":11,"column":46}},"type":"binary-expr","locations":[{"start":{"line":11,"column":20},"end":{"line":11,"column":36}},{"start":{"line":11,"column":40},"end":{"line":11,"column":46}}],"line":11},"3":{"loc":{"start":{"line":20,"column":4},"end":{"line":27,"column":5}},"type":"if","locations":[{"start":{"line":20,"column":4},"end":{"line":27,"column":5}},{"start":{},"end":{}}],"line":20},"4":{"loc":{"start":{"line":22,"column":6},"end":{"line":24,"column":7}},"type":"if","locations":[{"start":{"line":22,"column":6},"end":{"line":24,"column":7}},{"start":{},"end":{}}],"line":22},"5":{"loc":{"start":{"line":33,"column":4},"end":{"line":36,"column":5}},"type":"if","locations":[{"start":{"line":33,"column":4},"end":{"line":36,"column":5}},{"start":{},"end":{}}],"line":33},"6":{"loc":{"start":{"line":49,"column":4},"end":{"line":49,"column":40}},"type":"if","locations":[{"start":{"line":49,"column":4},"end":{"line":49,"column":40}},{"start":{},"end":{}}],"line":49},"7":{"loc":{"start":{"line":54,"column":4},"end":{"line":60,"column":5}},"type":"if","locations":[{"start":{"line":54,"column":4},"end":{"line":60,"column":5}},{"start":{"line":56,"column":11},"end":{"line":60,"column":5}}],"line":54},"8":{"loc":{"start":{"line":56,"column":11},"end":{"line":60,"column":5}},"type":"if","locations":[{"start":{"line":56,"column":11},"end":{"line":60,"column":5}},{"start":{"line":58,"column":11},"end":{"line":60,"column":5}}],"line":56}},"s":{"0":2,"1":2,"2":20,"3":20,"4":20,"5":20,"6":9,"7":9,"8":1,"9":9,"10":9,"11":9,"12":2,"13":1,"14":1,"15":9,"16":9,"17":12,"18":12,"19":3,"20":9,"21":9,"22":2,"23":7,"24":2,"25":5,"26":9,"27":6,"28":2,"29":2,"30":2},"f":{"0":20,"1":9,"2":2,"3":9,"4":12,"5":12,"6":6,"7":2,"8":2,"9":2},"b":{"0":[1],"1":[20,1],"2":[20,1],"3":[9,0],"4":[1,8],"5":[1,1],"6":[3,9],"7":[2,7],"8":[2,5]},"inputSourceMap":null,"_coverageSchema":"1a1c01bbd47fc00a2c39e90264f33305004495a9","hash":"04a83fbe8fab5cefd356c397b07b344a0c42b7d6"}
,"D:\\workspace\\ai\\ai-project\\web3-tools\\src\\core\\rpc.js": {"path":"D:\\workspace\\ai\\ai-project\\web3-tools\\src\\core\\rpc.js","statementMap":{"0":{"start":{"line":14,"column":4},"end":{"line":14,"column":25}},"1":{"start":{"line":15,"column":4},"end":{"line":15,"column":27}},"2":{"start":{"line":16,"column":4},"end":{"line":16,"column":57}},"3":{"start":{"line":25,"column":20},"end":{"line":25,"column":59}},"4":{"start":{"line":26,"column":4},"end":{"line":26,"column":30}},"5":{"start":{"line":36,"column":4},"end":{"line":36,"column":50}},"6":{"start":{"line":45,"column":4},"end":{"line":45,"column":62}}},"fnMap":{"0":{"name":"(anonymous_0)","decl":{"start":{"line":13,"column":2},"end":{"line":13,"column":3}},"loc":{"start":{"line":13,"column":31},"end":{"line":17,"column":3}},"line":13},"1":{"name":"(anonymous_1)","decl":{"start":{"line":24,"column":2},"end":{"line":24,"column":3}},"loc":{"start":{"line":24,"column":34},"end":{"line":27,"column":3}},"line":24},"2":{"name":"(anonymous_2)","decl":{"start":{"line":35,"column":2},"end":{"line":35,"column":3}},"loc":{"start":{"line":35,"column":23},"end":{"line":37,"column":3}},"line":35},"3":{"name":"(anonymous_3)","decl":{"start":{"line":44,"column":2},"end":{"line":44,"column":3}},"loc":{"start":{"line":44,"column":34},"end":{"line":46,"column":3}},"line":44}},"branchMap":{},"s":{"0":4,"1":4,"2":4,"3":1,"4":1,"5":1,"6":1},"f":{"0":4,"1":1,"2":1,"3":1},"b":{},"inputSourceMap":null,"_coverageSchema":"1a1c01bbd47fc00a2c39e90264f33305004495a9","hash":"48b8a1793485d88cf7aaa8b4186ad12640821c8b"}
}
