TN:
SF:src\actions\balance.js
FN:10,queryBalances
FN:45,queryTokenBalance
FNF:2
FNH:2
FNDA:4,queryBalances
FNDA:10,queryTokenBalance
DA:11,4
DA:13,4
DA:14,7
DA:16,7
DA:18,7
DA:19,6
DA:20,6
DA:23,6
DA:24,6
DA:25,6
DA:26,6
DA:27,6
DA:30,1
DA:35,4
DA:47,10
DA:48,10
DA:50,9
LF:17
LH:17
BRDA:25,0,0,6
BRDA:25,0,1,1
BRF:2
BRH:2
end_of_record
TN:
SF:src\core\config.js
FN:9,loadConfig
FNF:1
FNH:1
FNDA:5,loadConfig
DA:10,5
DA:12,5
DA:13,1
DA:16,4
DA:19,4
DA:20,4
DA:22,1
DA:23,1
DA:27,3
DA:28,3
DA:29,11
DA:30,1
DA:35,2
DA:36,1
DA:39,1
LF:15
LH:15
BRDA:9,0,0,0
BRDA:12,1,0,1
BRDA:12,1,1,4
BRDA:22,2,0,1
BRDA:22,2,1,0
BRDA:29,3,0,1
BRDA:29,3,1,10
BRDA:35,4,0,1
BRDA:35,4,1,1
BRDA:35,5,0,2
BRDA:35,5,1,1
BRF:11
BRH:9
end_of_record
TN:
SF:src\core\logger.js
FN:9,(anonymous_0)
FN:19,(anonymous_1)
FN:32,(anonymous_2)
FN:39,(anonymous_3)
FN:44,(anonymous_4)
FN:48,(anonymous_5)
FN:66,(anonymous_6)
FN:70,(anonymous_7)
FN:74,(anonymous_8)
FN:78,(anonymous_9)
FNF:10
FNH:10
FNDA:20,(anonymous_0)
FNDA:9,(anonymous_1)
FNDA:2,(anonymous_2)
FNDA:9,(anonymous_3)
FNDA:12,(anonymous_4)
FNDA:12,(anonymous_5)
FNDA:6,(anonymous_6)
FNDA:2,(anonymous_7)
FNDA:2,(anonymous_8)
FNDA:2,(anonymous_9)
DA:5,2
DA:6,2
DA:10,20
DA:11,20
DA:12,20
DA:15,20
DA:20,9
DA:22,9
DA:23,1
DA:25,9
DA:26,9
DA:28,9
DA:33,2
DA:34,1
DA:35,1
DA:40,9
DA:41,9
DA:45,12
DA:49,12
DA:51,9
DA:54,9
DA:55,2
DA:56,7
DA:57,2
DA:59,5
DA:63,9
DA:67,6
DA:71,2
DA:75,2
DA:79,2
LF:30
LH:30
BRDA:9,0,0,1
BRDA:10,1,0,20
BRDA:10,1,1,1
BRDA:11,2,0,20
BRDA:11,2,1,1
BRDA:20,3,0,9
BRDA:20,3,1,0
BRDA:22,4,0,1
BRDA:22,4,1,8
BRDA:33,5,0,1
BRDA:33,5,1,1
BRDA:49,6,0,3
BRDA:49,6,1,9
BRDA:54,7,0,2
BRDA:54,7,1,7
BRDA:56,8,0,2
BRDA:56,8,1,5
BRF:17
BRH:16
end_of_record
TN:
SF:src\core\rpc.js
FN:13,(anonymous_0)
FN:24,(anonymous_1)
FN:35,(anonymous_2)
FN:44,(anonymous_3)
FNF:4
FNH:4
FNDA:4,(anonymous_0)
FNDA:1,(anonymous_1)
FNDA:1,(anonymous_2)
FNDA:1,(anonymous_3)
DA:14,4
DA:15,4
DA:16,4
DA:25,1
DA:26,1
DA:36,1
DA:45,1
LF:7
LH:7
BRF:0
BRH:0
end_of_record
